TN:
SF:src/db.js
FN:5,(anonymous_6)
FN:5,_callee
FN:5,getUserByUsername
FNF:3
FNH:1
FNDA:1,(anonymous_6)
FNDA:0,_callee
FNDA:0,getUserByUsername
DA:1,1
DA:3,1
DA:5,3
DA:6,0
DA:14,0
DA:16,0
DA:18,0
DA:23,1
LF:8
LH:4
BRDA:3,0,0,1
BRDA:3,0,1,0
BRDA:5,1,0,0
BRDA:5,1,1,0
BRDA:5,1,2,0
BRDA:5,1,3,0
BRDA:5,1,4,0
BRF:7
BRH:1
end_of_record
TN:
SF:src/mocha-setup.js
FNF:0
FNH:0
DA:1,1
DA:3,1
DA:4,1
DA:5,1
LF:4
LH:4
BRF:0
BRH:0
end_of_record
TN:
SF:src/server.js
FN:6,(anonymous_7)
FN:6,_callee
FNF:2
FNH:2
FNDA:2,(anonymous_7)
FNDA:3,_callee
DA:1,1
DA:2,1
DA:4,1
DA:6,12
DA:7,1
DA:10,1
DA:11,1
DA:12,1
DA:14,0
DA:17,0
LF:10
LH:8
BRDA:6,0,0,1
BRDA:6,0,1,1
BRDA:6,0,2,0
BRDA:6,0,3,1
BRDA:6,0,4,1
BRDA:11,1,0,1
BRDA:11,1,1,0
BRF:7
BRH:5
end_of_record
TN:
SF:src/test-helpers.js
FN:3,(anonymous_6)
FN:3,_callee
FN:3,setDatabaseData
FN:19,(anonymous_10)
FN:19,_callee2
FN:19,getDatabaseData
FN:37,(anonymous_14)
FN:37,_callee3
FN:37,resetDatabase
FNF:9
FNH:7
FNDA:1,(anonymous_6)
FNDA:3,_callee
FNDA:1,setDatabaseData
FNDA:1,(anonymous_10)
FNDA:0,_callee2
FNDA:0,getDatabaseData
FNDA:1,(anonymous_14)
FNDA:3,_callee3
FNDA:1,resetDatabase
DA:1,1
DA:3,8
DA:4,0
DA:12,0
DA:16,0
DA:19,3
DA:20,0
DA:28,0
DA:30,0
DA:32,0
DA:37,8
DA:38,0
DA:46,0
DA:50,0
LF:14
LH:4
BRDA:3,0,0,1
BRDA:3,0,1,0
BRDA:3,0,2,0
BRDA:3,0,3,0
BRDA:3,0,4,1
BRDA:19,1,0,0
BRDA:19,1,1,0
BRDA:19,1,2,0
BRDA:19,1,3,0
BRDA:19,1,4,0
BRDA:37,2,0,1
BRDA:37,2,1,0
BRDA:37,2,2,0
BRDA:37,2,3,0
BRDA:37,2,4,1
BRF:15
BRH:4
end_of_record
